<?xml version="1.0" encoding="UTF-8"?>
<coverage generated="1590794193542" clover="3.2.0">
  <project timestamp="1590794193543" name="All files">
    <metrics statements="58" coveredstatements="58" conditionals="16" coveredconditionals="16" methods="9" coveredmethods="9" elements="83" coveredelements="83" complexity="0" loc="58" ncloc="58" packages="1" files="4" classes="4"/>
    <file name="block.ts" path="/Users/tom/Desktop/DEV/viq/cryptochain/src/block.ts">
      <metrics statements="25" coveredstatements="25" conditionals="4" coveredconditionals="4" methods="4" coveredmethods="4"/>
      <line num="1" count="2" type="stmt"/>
      <line num="3" count="2" type="stmt"/>
      <line num="4" count="2" type="stmt"/>
      <line num="24" count="2" type="stmt"/>
      <line num="40" count="68" type="stmt"/>
      <line num="41" count="68" type="stmt"/>
      <line num="42" count="68" type="stmt"/>
      <line num="43" count="68" type="stmt"/>
      <line num="44" count="68" type="stmt"/>
      <line num="45" count="68" type="stmt"/>
      <line num="46" count="68" type="stmt"/>
      <line num="50" count="40" type="stmt"/>
      <line num="57" count="26" type="stmt"/>
      <line num="59" count="26" type="stmt"/>
      <line num="60" count="26" type="stmt"/>
      <line num="62" count="26" type="stmt"/>
      <line num="63" count="180" type="stmt"/>
      <line num="64" count="180" type="stmt"/>
      <line num="65" count="180" type="stmt"/>
      <line num="66" count="180" type="stmt"/>
      <line num="71" count="26" type="stmt"/>
      <line num="82" count="183" type="stmt"/>
      <line num="84" count="183" type="cond" truecount="2" falsecount="0"/>
      <line num="86" count="182" type="cond" truecount="2" falsecount="0"/>
      <line num="88" count="151" type="stmt"/>
    </file>
    <file name="blockchain.ts" path="/Users/tom/Desktop/DEV/viq/cryptochain/src/blockchain.ts">
      <metrics statements="25" coveredstatements="25" conditionals="12" coveredconditionals="12" methods="4" coveredmethods="4"/>
      <line num="1" count="1" type="stmt"/>
      <line num="2" count="1" type="stmt"/>
      <line num="8" count="1" type="stmt"/>
      <line num="12" count="28" type="stmt"/>
      <line num="16" count="25" type="stmt"/>
      <line num="21" count="25" type="stmt"/>
      <line num="25" count="6" type="cond" truecount="2" falsecount="0"/>
      <line num="26" count="2" type="stmt"/>
      <line num="27" count="2" type="stmt"/>
      <line num="30" count="4" type="cond" truecount="2" falsecount="0"/>
      <line num="31" count="2" type="stmt"/>
      <line num="32" count="2" type="stmt"/>
      <line num="35" count="2" type="stmt"/>
      <line num="36" count="2" type="stmt"/>
      <line num="40" count="9" type="cond" truecount="2" falsecount="0"/>
      <line num="41" count="1" type="stmt"/>
      <line num="44" count="8" type="stmt"/>
      <line num="45" count="21" type="stmt"/>
      <line num="46" count="21" type="stmt"/>
      <line num="47" count="21" type="stmt"/>
      <line num="49" count="21" type="cond" truecount="2" falsecount="0"/>
      <line num="51" count="20" type="stmt"/>
      <line num="59" count="20" type="cond" truecount="2" falsecount="0"/>
      <line num="61" count="17" type="cond" truecount="2" falsecount="0"/>
      <line num="64" count="3" type="stmt"/>
    </file>
    <file name="config.ts" path="/Users/tom/Desktop/DEV/viq/cryptochain/src/config.ts">
      <metrics statements="3" coveredstatements="3" conditionals="0" coveredconditionals="0" methods="0" coveredmethods="0"/>
      <line num="3" count="2" type="stmt"/>
      <line num="4" count="2" type="stmt"/>
      <line num="6" count="2" type="stmt"/>
    </file>
    <file name="crypto-hash.ts" path="/Users/tom/Desktop/DEV/viq/cryptochain/src/crypto-hash.ts">
      <metrics statements="5" coveredstatements="5" conditionals="0" coveredconditionals="0" methods="1" coveredmethods="1"/>
      <line num="1" count="3" type="stmt"/>
      <line num="3" count="3" type="stmt"/>
      <line num="4" count="205" type="stmt"/>
      <line num="6" count="205" type="stmt"/>
      <line num="8" count="205" type="stmt"/>
    </file>
  </project>
</coverage>
