{"/Users/tom/Desktop/DEV/viq/cryptochain/src/block.ts": {"path":"/Users/tom/Desktop/DEV/viq/cryptochain/src/block.ts","statementMap":{"0":{"start":{"line":1,"column":0},"end":{"line":1,"column":39}},"1":{"start":{"line":3,"column":0},"end":{"line":3,"column":42}},"2":{"start":{"line":4,"column":0},"end":{"line":4,"column":50}},"3":{"start":{"line":40,"column":4},"end":{"line":40,"column":null}},"4":{"start":{"line":41,"column":4},"end":{"line":41,"column":null}},"5":{"start":{"line":42,"column":4},"end":{"line":42,"column":null}},"6":{"start":{"line":43,"column":4},"end":{"line":43,"column":null}},"7":{"start":{"line":44,"column":4},"end":{"line":44,"column":null}},"8":{"start":{"line":45,"column":4},"end":{"line":45,"column":null}},"9":{"start":{"line":46,"column":4},"end":{"line":46,"column":null}},"10":{"start":{"line":50,"column":4},"end":{"line":50,"column":null}},"11":{"start":{"line":57,"column":21},"end":{"line":57,"column":35}},"12":{"start":{"line":59,"column":25},"end":{"line":59,"column":34}},"13":{"start":{"line":60,"column":16},"end":{"line":60,"column":17}},"14":{"start":{"line":62,"column":4},"end":{"line":68,"column":null}},"15":{"start":{"line":63,"column":6},"end":{"line":63,"column":null}},"16":{"start":{"line":64,"column":6},"end":{"line":64,"column":null}},"17":{"start":{"line":65,"column":6},"end":{"line":65,"column":null}},"18":{"start":{"line":66,"column":6},"end":{"line":66,"column":null}},"19":{"start":{"line":71,"column":4},"end":{"line":78,"column":null}},"20":{"start":{"line":82,"column":27},"end":{"line":82,"column":35}},"21":{"start":{"line":84,"column":4},"end":{"line":84,"column":null}},"22":{"start":{"line":84,"column":24},"end":{"line":84,"column":null}},"23":{"start":{"line":86,"column":4},"end":{"line":86,"column":null}},"24":{"start":{"line":86,"column":52},"end":{"line":86,"column":null}},"25":{"start":{"line":88,"column":4},"end":{"line":88,"column":null}},"26":{"start":{"line":24,"column":0},"end":{"line":24,"column":13}}},"fnMap":{"0":{"name":"(anonymous_1)","decl":{"start":{"line":32,"column":2},"end":{"line":32,"column":14}},"loc":{"start":{"line":39,"column":15},"end":{"line":47,"column":3}}},"1":{"name":"(anonymous_2)","decl":{"start":{"line":49,"column":2},"end":{"line":49,"column":8}},"loc":{"start":{"line":49,"column":16},"end":{"line":51,"column":3}}},"2":{"name":"(anonymous_3)","decl":{"start":{"line":53,"column":2},"end":{"line":53,"column":8}},"loc":{"start":{"line":53,"column":44},"end":{"line":79,"column":3}}},"3":{"name":"(anonymous_4)","decl":{"start":{"line":81,"column":2},"end":{"line":81,"column":8}},"loc":{"start":{"line":81,"column":52},"end":{"line":89,"column":3}}}},"branchMap":{"0":{"loc":{"start":{"line":84,"column":4},"end":{"line":84,"column":null}},"type":"if","locations":[{"start":{"line":84,"column":4},"end":{"line":84,"column":null}},{"start":{"line":84,"column":4},"end":{"line":84,"column":null}}]},"1":{"loc":{"start":{"line":86,"column":4},"end":{"line":86,"column":null}},"type":"if","locations":[{"start":{"line":86,"column":4},"end":{"line":86,"column":null}},{"start":{"line":86,"column":4},"end":{"line":86,"column":null}}]}},"s":{"0":2,"1":2,"2":2,"3":68,"4":68,"5":68,"6":68,"7":68,"8":68,"9":68,"10":40,"11":26,"12":26,"13":26,"14":26,"15":180,"16":180,"17":180,"18":180,"19":26,"20":183,"21":183,"22":1,"23":182,"24":31,"25":151,"26":2},"f":{"0":68,"1":40,"2":26,"3":183},"b":{"0":[1,182],"1":[31,151]}}
,"/Users/tom/Desktop/DEV/viq/cryptochain/src/blockchain.ts": {"path":"/Users/tom/Desktop/DEV/viq/cryptochain/src/blockchain.ts","statementMap":{"0":{"start":{"line":1,"column":0},"end":{"line":1,"column":31}},"1":{"start":{"line":2,"column":0},"end":{"line":2,"column":42}},"2":{"start":{"line":12,"column":4},"end":{"line":12,"column":null}},"3":{"start":{"line":16,"column":21},"end":{"line":19,"column":6}},"4":{"start":{"line":21,"column":4},"end":{"line":21,"column":null}},"5":{"start":{"line":25,"column":4},"end":{"line":28,"column":null}},"6":{"start":{"line":26,"column":6},"end":{"line":26,"column":null}},"7":{"start":{"line":27,"column":6},"end":{"line":27,"column":12}},"8":{"start":{"line":30,"column":4},"end":{"line":33,"column":null}},"9":{"start":{"line":31,"column":6},"end":{"line":31,"column":null}},"10":{"start":{"line":32,"column":6},"end":{"line":32,"column":12}},"11":{"start":{"line":35,"column":4},"end":{"line":35,"column":null}},"12":{"start":{"line":36,"column":4},"end":{"line":36,"column":null}},"13":{"start":{"line":40,"column":4},"end":{"line":42,"column":null}},"14":{"start":{"line":41,"column":6},"end":{"line":41,"column":null}},"15":{"start":{"line":44,"column":4},"end":{"line":62,"column":null}},"16":{"start":{"line":44,"column":17},"end":{"line":44,"column":18}},"17":{"start":{"line":45,"column":69},"end":{"line":45,"column":77}},"18":{"start":{"line":46,"column":29},"end":{"line":46,"column":46}},"19":{"start":{"line":47,"column":29},"end":{"line":47,"column":52}},"20":{"start":{"line":49,"column":6},"end":{"line":49,"column":null}},"21":{"start":{"line":49,"column":39},"end":{"line":49,"column":null}},"22":{"start":{"line":51,"column":28},"end":{"line":56,"column":null}},"23":{"start":{"line":59,"column":6},"end":{"line":59,"column":null}},"24":{"start":{"line":59,"column":34},"end":{"line":59,"column":null}},"25":{"start":{"line":61,"column":6},"end":{"line":61,"column":null}},"26":{"start":{"line":61,"column":53},"end":{"line":61,"column":null}},"27":{"start":{"line":64,"column":4},"end":{"line":64,"column":null}},"28":{"start":{"line":8,"column":0},"end":{"line":8,"column":13}}},"fnMap":{"0":{"name":"(anonymous_0)","decl":{"start":{"line":11,"column":2},"end":{"line":11,"column":null}},"loc":{"start":{"line":11,"column":2},"end":{"line":13,"column":3}}},"1":{"name":"(anonymous_1)","decl":{"start":{"line":15,"column":2},"end":{"line":15,"column":10}},"loc":{"start":{"line":15,"column":34},"end":{"line":22,"column":3}}},"2":{"name":"(anonymous_2)","decl":{"start":{"line":24,"column":2},"end":{"line":24,"column":9}},"loc":{"start":{"line":24,"column":36},"end":{"line":37,"column":3}}},"3":{"name":"(anonymous_3)","decl":{"start":{"line":39,"column":2},"end":{"line":39,"column":8}},"loc":{"start":{"line":39,"column":43},"end":{"line":65,"column":3}}}},"branchMap":{"0":{"loc":{"start":{"line":25,"column":4},"end":{"line":28,"column":null}},"type":"if","locations":[{"start":{"line":25,"column":4},"end":{"line":28,"column":null}},{"start":{"line":25,"column":4},"end":{"line":28,"column":null}}]},"1":{"loc":{"start":{"line":30,"column":4},"end":{"line":33,"column":null}},"type":"if","locations":[{"start":{"line":30,"column":4},"end":{"line":33,"column":null}},{"start":{"line":30,"column":4},"end":{"line":33,"column":null}}]},"2":{"loc":{"start":{"line":40,"column":4},"end":{"line":42,"column":null}},"type":"if","locations":[{"start":{"line":40,"column":4},"end":{"line":42,"column":null}},{"start":{"line":40,"column":4},"end":{"line":42,"column":null}}]},"3":{"loc":{"start":{"line":49,"column":6},"end":{"line":49,"column":null}},"type":"if","locations":[{"start":{"line":49,"column":6},"end":{"line":49,"column":null}},{"start":{"line":49,"column":6},"end":{"line":49,"column":null}}]},"4":{"loc":{"start":{"line":59,"column":6},"end":{"line":59,"column":null}},"type":"if","locations":[{"start":{"line":59,"column":6},"end":{"line":59,"column":null}},{"start":{"line":59,"column":6},"end":{"line":59,"column":null}}]},"5":{"loc":{"start":{"line":61,"column":6},"end":{"line":61,"column":null}},"type":"if","locations":[{"start":{"line":61,"column":6},"end":{"line":61,"column":null}},{"start":{"line":61,"column":6},"end":{"line":61,"column":null}}]}},"s":{"0":1,"1":1,"2":28,"3":25,"4":25,"5":6,"6":2,"7":2,"8":4,"9":2,"10":2,"11":2,"12":2,"13":9,"14":1,"15":8,"16":8,"17":21,"18":21,"19":21,"20":21,"21":1,"22":20,"23":20,"24":3,"25":17,"26":1,"27":3,"28":1},"f":{"0":28,"1":25,"2":6,"3":9},"b":{"0":[2,4],"1":[2,2],"2":[1,8],"3":[1,20],"4":[3,17],"5":[1,16]}}
,"/Users/tom/Desktop/DEV/viq/cryptochain/src/config.ts": {"path":"/Users/tom/Desktop/DEV/viq/cryptochain/src/config.ts","statementMap":{"0":{"start":{"line":3,"column":13},"end":{"line":3,"column":null}},"1":{"start":{"line":4,"column":27},"end":{"line":4,"column":28}},"2":{"start":{"line":6,"column":13},"end":{"line":13,"column":null}}},"fnMap":{},"branchMap":{},"s":{"0":2,"1":2,"2":2},"f":{},"b":{}}
,"/Users/tom/Desktop/DEV/viq/cryptochain/src/crypto-hash.ts": {"path":"/Users/tom/Desktop/DEV/viq/cryptochain/src/crypto-hash.ts","statementMap":{"0":{"start":{"line":1,"column":0},"end":{"line":1,"column":27}},"1":{"start":{"line":3,"column":13},"end":{"line":9,"column":null}},"2":{"start":{"line":4,"column":15},"end":{"line":4,"column":42}},"3":{"start":{"line":6,"column":2},"end":{"line":6,"column":null}},"4":{"start":{"line":8,"column":2},"end":{"line":8,"column":null}}},"fnMap":{"0":{"name":"(anonymous_1)","decl":{"start":{"line":3,"column":26},"end":{"line":3,"column":27}},"loc":{"start":{"line":3,"column":47},"end":{"line":9,"column":1}}}},"branchMap":{},"s":{"0":3,"1":3,"2":205,"3":205,"4":205},"f":{"0":205},"b":{}}
}
