TN:
SF:src/block.ts
FN:32,(anonymous_1)
FN:49,(anonymous_2)
FN:53,(anonymous_3)
FN:81,(anonymous_4)
FNF:4
FNH:4
FNDA:68,(anonymous_1)
FNDA:40,(anonymous_2)
FNDA:26,(anonymous_3)
FNDA:183,(anonymous_4)
DA:1,2
DA:3,2
DA:4,2
DA:24,2
DA:40,68
DA:41,68
DA:42,68
DA:43,68
DA:44,68
DA:45,68
DA:46,68
DA:50,40
DA:57,26
DA:59,26
DA:60,26
DA:62,26
DA:63,180
DA:64,180
DA:65,180
DA:66,180
DA:71,26
DA:82,183
DA:84,183
DA:86,182
DA:88,151
LF:25
LH:25
BRDA:84,0,0,1
BRDA:84,0,1,182
BRDA:86,1,0,31
BRDA:86,1,1,151
BRF:4
BRH:4
end_of_record
TN:
SF:src/blockchain.ts
FN:11,(anonymous_0)
FN:15,(anonymous_1)
FN:24,(anonymous_2)
FN:39,(anonymous_3)
FNF:4
FNH:4
FNDA:28,(anonymous_0)
FNDA:25,(anonymous_1)
FNDA:6,(anonymous_2)
FNDA:9,(anonymous_3)
DA:1,1
DA:2,1
DA:8,1
DA:12,28
DA:16,25
DA:21,25
DA:25,6
DA:26,2
DA:27,2
DA:30,4
DA:31,2
DA:32,2
DA:35,2
DA:36,2
DA:40,9
DA:41,1
DA:44,8
DA:45,21
DA:46,21
DA:47,21
DA:49,21
DA:51,20
DA:59,20
DA:61,17
DA:64,3
LF:25
LH:25
BRDA:25,0,0,2
BRDA:25,0,1,4
BRDA:30,1,0,2
BRDA:30,1,1,2
BRDA:40,2,0,1
BRDA:40,2,1,8
BRDA:49,3,0,1
BRDA:49,3,1,20
BRDA:59,4,0,3
BRDA:59,4,1,17
BRDA:61,5,0,1
BRDA:61,5,1,16
BRF:12
BRH:12
end_of_record
TN:
SF:src/config.ts
FNF:0
FNH:0
DA:3,2
DA:4,2
DA:6,2
LF:3
LH:3
BRF:0
BRH:0
end_of_record
TN:
SF:src/crypto-hash.ts
FN:3,(anonymous_1)
FNF:1
FNH:1
FNDA:205,(anonymous_1)
DA:1,3
DA:3,3
DA:4,205
DA:6,205
DA:8,205
LF:5
LH:5
BRF:0
BRH:0
end_of_record
